INFO:     Will watch for changes in these directories: ['/Users/mac/Desktop/VOXANNE  WEBSITE']
INFO:     Uvicorn running on http://0.0.0.0:9120 (Press CTRL+C to quit)
INFO:     Started reloader process [20183] using WatchFiles
INFO:     Started server process [20297]
INFO:     Waiting for application startup.
INFO:     Application startup complete.
INFO:     127.0.0.1:51169 - "GET /health HTTP/1.1" 200 OK
INFO:     127.0.0.1:51256 - "GET /health HTTP/1.1" 200 OK
WARNING:  WatchFiles detected changes in 'cascade_sub_agents/auth_redirect_diagnostic.py'. Reloading...
INFO:     Shutting down
INFO:     Waiting for application shutdown.
INFO:     Application shutdown complete.
INFO:     Finished server process [20297]
WARNING:  WatchFiles detected changes in 'cascade_sub_agents/auth_redirect_diagnostic.py'. Reloading...
INFO:     Started server process [22442]
INFO:     Waiting for application startup.
INFO:     Application startup complete.
WARNING:  WatchFiles detected changes in 'auto_deploy_auth_fix.py'. Reloading...
INFO:     Shutting down
INFO:     Waiting for application shutdown.
INFO:     Application shutdown complete.
INFO:     Finished server process [22442]
INFO:     Started server process [26916]
INFO:     Waiting for application startup.
INFO:     Application startup complete.
