   ▲ Next.js 16.0.7 (Turbopack)
   - Local:         http://localhost:9121
   - Network:       http://192.168.1.198:9121
   - Environments: .env.local, .env

 ✓ Starting...
 ⚠ The "middleware" file convention is deprecated. Please use "proxy" instead. Learn more: https://nextjs.org/docs/messages/middleware-to-proxy
 ✓ Ready in 7.4s
 ○ Compiling / ...
 GET / 200 in 12.3s (compile: 9.7s, proxy.ts: 1601ms, render: 924ms)
   Reload env: .env.local
 ✓ Compiled in 2.5s
 GET / 200 in 2.4s (compile: 1682ms, proxy.ts: 526ms, render: 143ms)
 GET /callwaiting%20ai%20logo.png 404 in 2.0s (compile: 1683ms, render: 358ms)
 ⚠ Fast Refresh had to perform a full reload when ./src/contexts/AuthContext.tsx changed. Read more: https://nextjs.org/docs/messages/fast-refresh-reload
 ✓ Compiled in 575ms
 GET / 200 in 1884ms (compile: 576ms, proxy.ts: 37ms, render: 1271ms)
 ⚠ Fast Refresh had to perform a full reload when ./src/contexts/AuthContext.tsx changed. Read more: https://nextjs.org/docs/messages/fast-refresh-reload
 GET / 200 in 973ms (compile: 222ms, proxy.ts: 14ms, render: 737ms)
 ✓ Compiled in 0ms
 GET / 200 in 1484ms (compile: 355ms, proxy.ts: 18ms, render: 1112ms)
 GET / 200 in 490ms (compile: 60ms, proxy.ts: 33ms, render: 397ms)
 ⚠ Fast Refresh had to perform a full reload when ./src/contexts/AuthContext.tsx changed. Read more: https://nextjs.org/docs/messages/fast-refresh-reload
 ✓ Compiled in 223ms
 GET / 200 in 1487ms (compile: 623ms, proxy.ts: 102ms, render: 762ms)
 ⚠ Fast Refresh had to perform a full reload when ./src/contexts/AuthContext.tsx changed. Read more: https://nextjs.org/docs/messages/fast-refresh-reload
 ✓ Compiled in 2.4s
 GET / 200 in 2.1s (compile: 779ms, proxy.ts: 27ms, render: 1286ms)
 ✓ Compiled in 9.3s
 ✓ Compiled in 4.2s
 ✓ Compiled in 3.2s
 ✓ Compiled in 2.5s
 ✓ Compiled in 483ms
 ✓ Compiled in 4.3s
 ✓ Compiled in 4.7s
 ○ Compiling / ...
 GET / 200 in 17.7s (compile: 7.2s, proxy.ts: 2.9s, render: 7.5s)
 ✓ Compiled in 3ms
 GET / 200 in 1585ms (compile: 315ms, proxy.ts: 1058ms, render: 213ms)
 GET / 200 in 98ms (compile: 19ms, proxy.ts: 30ms, render: 49ms)
 GET / 200 in 125ms (compile: 17ms, proxy.ts: 25ms, render: 83ms)
 GET / 200 in 319ms (compile: 13ms, proxy.ts: 15ms, render: 290ms)
 GET / 200 in 108ms (compile: 30ms, proxy.ts: 20ms, render: 58ms)
 GET / 200 in 64ms (compile: 8ms, proxy.ts: 12ms, render: 44ms)
 GET / 200 in 119ms (compile: 9ms, proxy.ts: 17ms, render: 94ms)
 GET / 200 in 91ms (compile: 16ms, proxy.ts: 28ms, render: 47ms)
 GET / 200 in 81ms (compile: 12ms, proxy.ts: 13ms, render: 57ms)
 GET / 200 in 63ms (compile: 6ms, proxy.ts: 14ms, render: 43ms)
 GET / 200 in 62ms (compile: 8ms, proxy.ts: 13ms, render: 40ms)
 GET / 200 in 69ms (compile: 7ms, proxy.ts: 11ms, render: 52ms)
 GET / 200 in 54ms (compile: 6ms, proxy.ts: 15ms, render: 34ms)
 GET / 200 in 89ms (compile: 11ms, proxy.ts: 14ms, render: 64ms)
 GET / 200 in 57ms (compile: 9ms, proxy.ts: 16ms, render: 32ms)
 GET / 200 in 45ms (compile: 5ms, proxy.ts: 11ms, render: 30ms)
 GET / 200 in 72ms (compile: 7ms, proxy.ts: 13ms, render: 52ms)
 GET / 200 in 44ms (compile: 5ms, proxy.ts: 9ms, render: 29ms)
 GET / 200 in 47ms (compile: 10ms, proxy.ts: 13ms, render: 25ms)
 GET / 200 in 55ms (compile: 5ms, proxy.ts: 11ms, render: 38ms)
 GET / 200 in 48ms (compile: 4ms, proxy.ts: 11ms, render: 33ms)
 GET / 200 in 61ms (compile: 6ms, proxy.ts: 14ms, render: 41ms)
 GET / 200 in 64ms (compile: 7ms, proxy.ts: 13ms, render: 44ms)
 GET / 200 in 68ms (compile: 6ms, proxy.ts: 11ms, render: 51ms)
 GET / 200 in 61ms (compile: 14ms, proxy.ts: 11ms, render: 36ms)
 GET / 200 in 71ms (compile: 6ms, proxy.ts: 11ms, render: 54ms)
 GET / 200 in 46ms (compile: 6ms, proxy.ts: 17ms, render: 24ms)
 GET / 200 in 40ms (compile: 4ms, proxy.ts: 10ms, render: 26ms)
 GET / 200 in 43ms (compile: 5ms, proxy.ts: 10ms, render: 28ms)
 GET / 200 in 58ms (compile: 5ms, proxy.ts: 9ms, render: 45ms)
 GET / 200 in 66ms (compile: 12ms, proxy.ts: 12ms, render: 42ms)
 GET / 200 in 51ms (compile: 7ms, proxy.ts: 11ms, render: 33ms)
 GET / 200 in 57ms (compile: 8ms, proxy.ts: 9ms, render: 40ms)
 GET / 200 in 52ms (compile: 7ms, proxy.ts: 11ms, render: 34ms)
 GET / 200 in 611ms (compile: 5ms, proxy.ts: 13ms, render: 594ms)
 GET / 200 in 547ms (compile: 23ms, proxy.ts: 266ms, render: 258ms)
 GET / 200 in 298ms (compile: 11ms, proxy.ts: 16ms, render: 271ms)
 GET / 200 in 88ms (compile: 6ms, proxy.ts: 58ms, render: 25ms)
 GET / 200 in 40ms (compile: 5ms, proxy.ts: 10ms, render: 24ms)
 GET / 200 in 52ms (compile: 5ms, proxy.ts: 10ms, render: 37ms)
 GET / 200 in 41ms (compile: 7ms, proxy.ts: 9ms, render: 25ms)
 GET / 200 in 98ms (compile: 5ms, proxy.ts: 9ms, render: 84ms)
 GET / 200 in 64ms (compile: 5ms, proxy.ts: 10ms, render: 49ms)
 GET / 200 in 40ms (compile: 6ms, proxy.ts: 9ms, render: 26ms)
 GET / 200 in 66ms (compile: 8ms, proxy.ts: 12ms, render: 46ms)
 GET / 200 in 53ms (compile: 4ms, proxy.ts: 9ms, render: 40ms)
 GET / 200 in 48ms (compile: 8ms, proxy.ts: 11ms, render: 29ms)
 GET / 200 in 41ms (compile: 5ms, proxy.ts: 9ms, render: 27ms)
 GET / 200 in 32ms (compile: 4ms, proxy.ts: 9ms, render: 19ms)
 GET / 200 in 34ms (compile: 5ms, proxy.ts: 9ms, render: 20ms)
 GET / 200 in 38ms (compile: 4ms, proxy.ts: 9ms, render: 25ms)
 GET / 200 in 33ms (compile: 4ms, proxy.ts: 9ms, render: 20ms)
 GET /callwaiting%20ai%20logo.png 404 in 1738ms (compile: 1241ms, render: 497ms)
 GET / 200 in 2.1s (compile: 370ms, proxy.ts: 452ms, render: 1248ms)
 ○ Compiling /dashboard ...
 GET /dashboard 200 in 11.2s (compile: 11.1s, proxy.ts: 16ms, render: 91ms)
 GET /callwaiting%20ai%20logo.png 404 in 237ms (compile: 53ms, render: 184ms)
 ○ Compiling /dashboard/settings ...
 GET /dashboard/settings 200 in 4.7s (compile: 4.6s, proxy.ts: 17ms, render: 82ms)
 GET /callwaiting%20ai%20logo.png 404 in 221ms (compile: 61ms, render: 161ms)
 GET /callwaiting%20ai%20logo.png 404 in 137ms (compile: 22ms, render: 115ms)
 GET /dashboard/voice-test 200 in 1337ms (compile: 1284ms, proxy.ts: 14ms, render: 38ms)
 GET /callwaiting%20ai%20logo.png 404 in 107ms (compile: 26ms, render: 81ms)
 GET /dashboard 200 in 51ms (compile: 9ms, proxy.ts: 15ms, render: 27ms)
 GET /callwaiting%20ai%20logo.png 404 in 128ms (compile: 36ms, render: 92ms)
 ✓ Compiled in 3.3s
 ⨯ Error: ENOENT: no such file or directory, open '/Users/mac/Desktop/VOXANNE  WEBSITE/.next/dev/server/app/dashboard/page/build-manifest.json'
    at ignore-listed frames {
  errno: -2,
  code: 'ENOENT',
  syscall: 'open',
  path: '/Users/mac/Desktop/VOXANNE  WEBSITE/.next/dev/server/app/dashboard/page/build-manifest.json'
}
 ○ Compiling /_error ...
 ⨯ Error: ENOENT: no such file or directory, open '/Users/mac/Desktop/VOXANNE  WEBSITE/.next/dev/static/development/_buildManifest.js.tmp.sw2qw6c0vmq'
    at ignore-listed frames {
  errno: -2,
  code: 'ENOENT',
  syscall: 'open',
  path: '/Users/mac/Desktop/VOXANNE  WEBSITE/.next/dev/static/development/_buildManifest.js.tmp.sw2qw6c0vmq'
}
Error: ENOENT: no such file or directory, open '/Users/mac/Desktop/VOXANNE  WEBSITE/.next/dev/server/app/dashboard/page/build-manifest.json'
    at ignore-listed frames {
  errno: -2,
  code: 'ENOENT',
  syscall: 'open',
  path: '/Users/mac/Desktop/VOXANNE  WEBSITE/.next/dev/server/app/dashboard/page/build-manifest.json'
}
 ⨯ Error: Cannot find module '../chunks/ssr/[turbopack]_runtime.js'
Require stack:
- /Users/mac/Desktop/VOXANNE  WEBSITE/.next/dev/server/pages/_document.js
- /Users/mac/Desktop/VOXANNE  WEBSITE/node_modules/next/dist/server/require.js
- /Users/mac/Desktop/VOXANNE  WEBSITE/node_modules/next/dist/server/load-components.js
- /Users/mac/Desktop/VOXANNE  WEBSITE/node_modules/next/dist/build/utils.js
- /Users/mac/Desktop/VOXANNE  WEBSITE/node_modules/next/dist/build/swc/options.js
- /Users/mac/Desktop/VOXANNE  WEBSITE/node_modules/next/dist/build/swc/index.js
- /Users/mac/Desktop/VOXANNE  WEBSITE/node_modules/next/dist/server/lib/router-utils/setup-dev-bundler.js
- /Users/mac/Desktop/VOXANNE  WEBSITE/node_modules/next/dist/server/lib/router-server.js
- /Users/mac/Desktop/VOXANNE  WEBSITE/node_modules/next/dist/server/lib/start-server.js
    at Object.<anonymous> (.next/dev/server/pages/_document.js:1:7) {
  code: 'MODULE_NOT_FOUND',
  requireStack: [Array]
}
Error: ENOENT: no such file or directory, open '/Users/mac/Desktop/VOXANNE  WEBSITE/.next/dev/routes-manifest.json'
    at ignore-listed frames {
  errno: -2,
  code: 'ENOENT',
  syscall: 'open',
  path: '/Users/mac/Desktop/VOXANNE  WEBSITE/.next/dev/routes-manifest.json'
}
 GET /dashboard 500 in 60s (compile: 59s, proxy.ts: 1139ms, render: 136ms)
 GET /dashboard 500 in 60s (compile: 59s, proxy.ts: 1139ms, render: 136ms)
 ✓ Compiled in 5.4s
